0 silly argv {
0 silly argv   _: [ 'publish' ],
0 silly argv   'force-publish': true,
0 silly argv   forcePublish: true,
0 silly argv   composed: 'publish',
0 silly argv   lernaVersion: '8.1.9',
0 silly argv   '$0': 'lerna'
0 silly argv }
1 notice cli v8.1.9
2 verbose packageConfigs Explicit "packages" configuration found in lerna.json. Resolving packages using the configured glob(s): ["packages/*"]
3 verbose rootPath /Users/zhaoxiaolin/Documents/star/driver-cli/driver-cli
4 verbose session 4afd5c98733039c3
5 verbose user-agent lerna/8.1.9/node@v22.11.0+x64 (darwin)
6 silly argv {
6 silly argv   _: [ 'publish' ],
6 silly argv   'force-publish': true,
6 silly argv   forcePublish: true,
6 silly argv   composed: 'publish',
6 silly argv   lernaVersion: '8.1.9'
6 silly argv }
7 verbose packageConfigs Explicit "packages" configuration found in lerna.json. Resolving packages using the configured glob(s): ["packages/*"]
8 verbose rootPath /Users/zhaoxiaolin/Documents/star/driver-cli/driver-cli
9 info current version 1.0.6
10 silly isAnythingCommitted
11 verbose isAnythingCommitted 1
12 silly getCurrentBranch
13 verbose currentBranch main
14 silly remoteBranchExists
15 silly isBehindUpstream
16 silly isBehindUpstream main is behind origin/main by 0 commit(s) and ahead by 1
17 silly hasTags
18 verbose hasTags true
19 silly git-describe.sync "v1.0.6-1-ga60c98b" => {"lastTagName":"v1.0.6","lastVersion":"v1.0.6","refCount":"1","sha":"a60c98b","isDirty":false}
20 warn force-publish all packages
21 info Assuming all packages changed
22 verbose updated @driver-cli/core
23 verbose updated @driver-cli/utils
24 info execute Skipping releases
25 silly lifecycle No script for "preversion" in "driver-cli", continuing
26 silly lifecycle No script for "preversion" in "@driver-cli/utils", continuing
27 verbose version @driver-cli/utils has no lockfile. Skipping lockfile update.
28 silly lifecycle No script for "version" in "@driver-cli/utils", continuing
29 silly lifecycle No script for "preversion" in "@driver-cli/core", continuing
30 verbose version @driver-cli/core has no lockfile. Skipping lockfile update.
31 silly lifecycle No script for "version" in "@driver-cli/core", continuing
32 silly lifecycle No script for "version" in "driver-cli", continuing
33 verbose version Detected yarn version 1.22.19
34 silly gitAdd [
34 silly gitAdd   'packages/utils/package.json',
34 silly gitAdd   'packages/core/package.json',
34 silly gitAdd   'lerna.json'
34 silly gitAdd ]
35 silly gitCommit v1.0.7
36 verbose git [ 'commit', '-m', 'v1.0.7' ]
37 silly gitTag v1.0.7 git tag %s -m %s
38 verbose git [ 'tag', 'v1.0.7', '-m', 'v1.0.7' ]
39 silly lifecycle No script for "postversion" in "@driver-cli/core", continuing
40 silly lifecycle No script for "postversion" in "@driver-cli/utils", continuing
41 silly lifecycle No script for "postversion" in "driver-cli", continuing
42 info git Pushing tags...
43 silly gitPush origin main
44 info publish Publishing packages to npm...
45 silly getCurrentSHA
46 verbose getCurrentSHA 4e1950c01ca367769839751be1e6d64c6326c69e
47 silly lifecycle No script for "prepublish" in "driver-cli", continuing
48 silly lifecycle No script for "prepare" in "driver-cli", continuing
49 silly lifecycle No script for "prepublishOnly" in "driver-cli", continuing
50 silly lifecycle No script for "prepack" in "driver-cli", continuing
51 verbose pack-directory packages/utils
52 silly lifecycle No script for "prepublish" in "@driver-cli/utils", continuing
53 silly lifecycle No script for "prepare" in "@driver-cli/utils", continuing
54 silly lifecycle No script for "prepublishOnly" in "@driver-cli/utils", continuing
55 silly lifecycle No script for "prepack" in "@driver-cli/utils", continuing
56 silly lifecycle No script for "postpack" in "@driver-cli/utils", continuing
57 verbose packed packages/utils
58 verbose pack-directory packages/core
59 silly lifecycle No script for "prepublish" in "@driver-cli/core", continuing
60 silly lifecycle No script for "prepare" in "@driver-cli/core", continuing
61 silly lifecycle No script for "prepublishOnly" in "@driver-cli/core", continuing
62 silly lifecycle No script for "prepack" in "@driver-cli/core", continuing
63 silly lifecycle No script for "postpack" in "@driver-cli/core", continuing
64 verbose packed packages/core
65 silly lifecycle No script for "postpack" in "driver-cli", continuing
66 verbose publish @driver-cli/utils
67 silly FetchError: request to https://r.cnpmjs.org/@driver-cli%2futils failed, reason: read ETIMEDOUT
67 silly     at ClientRequest.<anonymous> (/Users/zhaoxiaolin/Documents/star/driver-cli/driver-cli/node_modules/minipass-fetch/lib/index.js:130:14)
67 silly     at ClientRequest.emit (node:events:518:28)
67 silly     at emitErrorEvent (node:_http_client:103:11)
67 silly     at _destroy (node:_http_client:886:9)
67 silly     at onSocketNT (node:_http_client:906:5)
67 silly     at process.processTicksAndRejections (node:internal/process/task_queues:91:21)
67 silly  FetchError: request to https://r.cnpmjs.org/@driver-cli%2futils failed, reason: read ETIMEDOUT
67 silly     at ClientRequest.<anonymous> (/Users/zhaoxiaolin/Documents/star/driver-cli/driver-cli/node_modules/minipass-fetch/lib/index.js:130:14)
67 silly     at ClientRequest.emit (node:events:518:28)
67 silly     at emitErrorEvent (node:_http_client:103:11)
67 silly     at _destroy (node:_http_client:886:9)
67 silly     at onSocketNT (node:_http_client:906:5)
67 silly     at process.processTicksAndRejections (node:internal/process/task_queues:91:21) {
67 silly   code: 'ETIMEDOUT',
67 silly   errno: 'ETIMEDOUT',
67 silly   syscall: 'read',
67 silly   type: 'system'
67 silly }
68 warn notice Package failed to publish: @driver-cli/utils
69 error ETIMEDOUT request to https://r.cnpmjs.org/@driver-cli%2futils failed, reason: read ETIMEDOUT
70 error errno "ETIMEDOUT" is not a valid exit code - exiting with code 1
71 error FetchError: request to https://r.cnpmjs.org/@driver-cli%2futils failed, reason: read ETIMEDOUT
71 error     at ClientRequest.<anonymous> (/Users/zhaoxiaolin/Documents/star/driver-cli/driver-cli/node_modules/minipass-fetch/lib/index.js:130:14)
71 error     at ClientRequest.emit (node:events:518:28)
71 error     at emitErrorEvent (node:_http_client:103:11)
71 error     at _destroy (node:_http_client:886:9)
71 error     at onSocketNT (node:_http_client:906:5)
